<?xml version="1.0" encoding="UTF-8"?>
<testsuite name="com.infinity.companion.PairingRepositoryTest" tests="9" skipped="0" failures="0" errors="0" timestamp="2026-07-07T23:53:08" hostname="SATYAM" time="0.398">
  <properties/>
  <testcase name="getDeviceStatus_returnsFailureWhenDeviceNotInList" classname="com.infinity.companion.PairingRepositoryTest" time="0.121"/>
  <testcase name="unpair_returnsFailureOn404" classname="com.infinity.companion.PairingRepositoryTest" time="0.056"/>
  <testcase name="getPairingCode_authorizationHeaderContainsBearerToken" classname="com.infinity.companion.PairingRepositoryTest" time="0.031"/>
  <testcase name="unpair_succeedsOn200" classname="com.infinity.companion.PairingRepositoryTest" time="0.021"/>
  <testcase name="operations_failWhenNotAuthenticated" classname="com.infinity.companion.PairingRepositoryTest" time="0.021"/>
  <testcase name="getDeviceStatus_returnsDeviceFromList" classname="com.infinity.companion.PairingRepositoryTest" time="0.038"/>
  <testcase name="getPairingCode_returnsFailureOn401" classname="com.infinity.companion.PairingRepositoryTest" time="0.026"/>
  <testcase name="requestPair_sendsCodeAndMobileDeviceId" classname="com.infinity.companion.PairingRepositoryTest" time="0.041"/>
  <testcase name="getPairingCode_returnsPairingCode" classname="com.infinity.companion.PairingRepositoryTest" time="0.038"/>
  <system-out><![CDATA[]]></system-out>
  <system-err><![CDATA[]]></system-err>
</testsuite>
