<?xml version="1.0" encoding="UTF-8"?>
<testsuite name="com.infinity.companion.KeystoreCryptoTest" tests="4" skipped="0" failures="0" errors="0" timestamp="2026-07-07T23:53:06" hostname="SATYAM" time="1.872">
  <properties/>
  <testcase name="verify_withTamperedData_returnsFalse" classname="com.infinity.companion.KeystoreCryptoTest" time="0.661"/>
  <testcase name="signVerify_roundTrip" classname="com.infinity.companion.KeystoreCryptoTest" time="0.54"/>
  <testcase name="getPublicKeyBase64_returnsNonEmptySpki" classname="com.infinity.companion.KeystoreCryptoTest" time="0.214"/>
  <testcase name="encryptDecrypt_roundTrip" classname="com.infinity.companion.KeystoreCryptoTest" time="0.454"/>
  <system-out><![CDATA[]]></system-out>
  <system-err><![CDATA[]]></system-err>
</testsuite>
