<?xml version='1.0' encoding='UTF-8' ?>
<testsuite name="com.infinity.companion.RemoteControlTest" tests="3" failures="0" errors="0" skipped="0" time="1.894" timestamp="2026-07-07T23:50:53" hostname="localhost">
  <properties>
    <property name="device" value="SM-S938B - 16" />
    <property name="flavor" value="" />
    <property name="project" value=":app" />
  </properties>
  <testcase name="wrongKeyDecryptionFails" classname="com.infinity.companion.RemoteControlTest" time="0.052" />
  <testcase name="mainActivityLaunchesSuccessfully" classname="com.infinity.companion.RemoteControlTest" time="0.492" />
  <testcase name="e2eeRoundTrip" classname="com.infinity.companion.RemoteControlTest" time="0.067" />
</testsuite>